Using pre-set license
Built from '6000.0/release' branch; Version is '6000.0.44f1 (101c91f3a8fb) revision 1055889'; Using compiler version '193933523'; Build Type 'Release'
OS: 'Windows 10  (10.0.19045) 64bit Professional' Language: 'es' Physical Memory: 32520 MB
BatchMode: 1, IsHumanControllingUs: 0, StartBugReporterOnCrash: 0, Is64bit: 1, IsPro: 1

COMMAND LINE ARGUMENTS:
C:\Program Files\Unity\Hub\Editor\6000.0.44f1\Editor\Unity.exe
-adb2
-batchMode
-noUpm
-name
AssetImportWorker12
-projectPath
C:/Users/laboratorio/PACMAN
-logFile
Logs/AssetImportWorker12.log
-srvPort
64056
-job-worker-count
15
-background-job-worker-count
8
-gc-helper-count
1
Successfully changed project path to: C:/Users/laboratorio/PACMAN
C:/Users/laboratorio/PACMAN
[UnityMemory] Configuration Parameters - Can be set up in boot.config
    "memorysetup-bucket-allocator-granularity=16"
    "memorysetup-bucket-allocator-bucket-count=8"
    "memorysetup-bucket-allocator-block-size=33554432"
    "memorysetup-bucket-allocator-block-count=8"
    "memorysetup-main-allocator-block-size=16777216"
    "memorysetup-thread-allocator-block-size=16777216"
    "memorysetup-gfx-main-allocator-block-size=16777216"
    "memorysetup-gfx-thread-allocator-block-size=16777216"
    "memorysetup-cache-allocator-block-size=4194304"
    "memorysetup-typetree-allocator-block-size=2097152"
    "memorysetup-profiler-bucket-allocator-granularity=16"
    "memorysetup-profiler-bucket-allocator-bucket-count=8"
    "memorysetup-profiler-bucket-allocator-block-size=33554432"
    "memorysetup-profiler-bucket-allocator-block-count=8"
    "memorysetup-profiler-allocator-block-size=16777216"
    "memorysetup-profiler-editor-allocator-block-size=1048576"
    "memorysetup-temp-allocator-size-main=16777216"
    "memorysetup-job-temp-allocator-block-size=2097152"
    "memorysetup-job-temp-allocator-block-size-background=1048576"
    "memorysetup-job-temp-allocator-reduction-small-platforms=262144"
    "memorysetup-allocator-temp-initial-block-size-main=262144"
    "memorysetup-allocator-temp-initial-block-size-worker=262144"
    "memorysetup-temp-allocator-size-background-worker=32768"
    "memorysetup-temp-allocator-size-job-worker=262144"
    "memorysetup-temp-allocator-size-preload-manager=33554432"
    "memorysetup-temp-allocator-size-nav-mesh-worker=65536"
    "memorysetup-temp-allocator-size-audio-worker=65536"
    "memorysetup-temp-allocator-size-cloud-worker=32768"
    "memorysetup-temp-allocator-size-gi-baking-worker=262144"
    "memorysetup-temp-allocator-size-gi-baking-worker=262144"
    "memorysetup-temp-allocator-size-gi-baking-worker=262144"
    "memorysetup-temp-allocator-size-gi-baking-worker=262144"
    "memorysetup-temp-allocator-size-gi-baking-worker=262144"
    "memorysetup-temp-allocator-size-gfx=262144"
Player connection [33476]  Target information:

Player connection [33476]  * "[IP] 10.90.125.42 [Port] 0 [Flags] 2 [Guid] 664905116 [EditorId] 664905116 [Version] 1048832 [Id] WindowsEditor(7,UPEAULA-31601) [Debug] 1 [PackageName] WindowsEditor [ProjectName] Editor" 

Player connection [33476]  * "[IP] 192.168.56.1 [Port] 0 [Flags] 2 [Guid] 664905116 [EditorId] 664905116 [Version] 1048832 [Id] WindowsEditor(7,UPEAULA-31601) [Debug] 1 [PackageName] WindowsEditor [ProjectName] Editor" 

Player connection [33476]  * "[IP] 192.168.74.1 [Port] 0 [Flags] 2 [Guid] 664905116 [EditorId] 664905116 [Version] 1048832 [Id] WindowsEditor(7,UPEAULA-31601) [Debug] 1 [PackageName] WindowsEditor [ProjectName] Editor" 

Player connection [33476]  * "[IP] 192.168.254.1 [Port] 0 [Flags] 2 [Guid] 664905116 [EditorId] 664905116 [Version] 1048832 [Id] WindowsEditor(7,UPEAULA-31601) [Debug] 1 [PackageName] WindowsEditor [ProjectName] Editor" 

Player connection [33476]  * "[IP] 172.31.64.1 [Port] 0 [Flags] 2 [Guid] 664905116 [EditorId] 664905116 [Version] 1048832 [Id] WindowsEditor(7,UPEAULA-31601) [Debug] 1 [PackageName] WindowsEditor [ProjectName] Editor" 

Player connection [33476]  * "[IP] 169.254.62.234 [Port] 0 [Flags] 2 [Guid] 664905116 [EditorId] 664905116 [Version] 1048832 [Id] WindowsEditor(7,UPEAULA-31601) [Debug] 1 [PackageName] WindowsEditor [ProjectName] Editor" 

Player connection [33476]  * "[IP] 169.254.62.18 [Port] 0 [Flags] 2 [Guid] 664905116 [EditorId] 664905116 [Version] 1048832 [Id] WindowsEditor(7,UPEAULA-31601) [Debug] 1 [PackageName] WindowsEditor [ProjectName] Editor" 

Player connection [33476]  * "[IP] 169.254.201.49 [Port] 0 [Flags] 2 [Guid] 664905116 [EditorId] 664905116 [Version] 1048832 [Id] WindowsEditor(7,UPEAULA-31601) [Debug] 1 [PackageName] WindowsEditor [ProjectName] Editor" 

Player connection [33476] Host joined multi-casting on [225.0.0.222:54997]...
Player connection [33476] Host joined alternative multi-casting on [225.0.0.222:34997]...
JobSystem: Creating JobQueue using job-worker-count value 15
Input System module state changed to: Initialized.
[Physics::Module] Initialized fallback backend.
[Physics::Module] Id: 0xdecafbad
Library Redirect Path: Library/
[Physics::Module] Selected backend.
[Physics::Module] Name: PhysX
[Physics::Module] Id: 0xf2b8ea05
[Physics::Module] SDK Version: 4.1.2
[Physics::Module] Integration Version: 1.0.0
[Physics::Module] Threading Mode: Multi-Threaded
Refreshing native plugins compatible for Editor in 7.70 ms, found 3 plugins.
Preloading 0 native plugins for Editor in 0.00 ms.
Initialize engine version: 6000.0.44f1 (101c91f3a8fb)
[Subsystems] Discovering subsystems at path C:/Program Files/Unity/Hub/Editor/6000.0.44f1/Editor/Data/Resources/UnitySubsystems
[Subsystems] Discovering subsystems at path C:/Users/laboratorio/PACMAN/Assets
GfxDevice: creating device client; kGfxThreadingModeNonThreaded
Direct3D:
    Version:  Direct3D 11.0 [level 11.1]
    Renderer: NVIDIA GeForce RTX 4070 Ti (ID=0x2782)
    Vendor:   NVIDIA
    VRAM:     11996 MB
    Driver:   32.0.15.7602
Initialize mono
Mono path[0] = 'C:/Program Files/Unity/Hub/Editor/6000.0.44f1/Editor/Data/Managed'
Mono path[1] = 'C:/Program Files/Unity/Hub/Editor/6000.0.44f1/Editor/Data/MonoBleedingEdge/lib/mono/unityjit-win32'
Mono config path = 'C:/Program Files/Unity/Hub/Editor/6000.0.44f1/Editor/Data/MonoBleedingEdge/etc'
Using monoOptions --debugger-agent=transport=dt_socket,embedding=1,server=y,suspend=n,address=127.0.0.1:56408
Begin MonoManager ReloadAssembly
Registering precompiled unity dll's ...
Register platform support module: C:/Program Files/Unity/Hub/Editor/6000.0.44f1/Editor/Data/PlaybackEngines/WebGLSupport/UnityEditor.WebGL.Extensions.dll
Register platform support module: C:/Program Files/Unity/Hub/Editor/6000.0.44f1/Editor/Data/PlaybackEngines/WindowsStandaloneSupport/UnityEditor.WindowsStandalone.Extensions.dll
Registered in 0.006275 seconds.
- Loaded All Assemblies, in  0.449 seconds
Native extension for WindowsStandalone target not found
Native extension for WebGL target not found
Mono: successfully reloaded assembly
- Finished resetting the current domain, in  0.325 seconds
Domain Reload Profiling: 770ms
	BeginReloadAssembly (153ms)
		ExecutionOrderSort (0ms)
		DisableScriptedObjects (0ms)
		BackupInstance (0ms)
		ReleaseScriptingObjects (0ms)
		CreateAndSetChildDomain (1ms)
	RebuildCommonClasses (40ms)
	RebuildNativeTypeToScriptingClass (13ms)
	initialDomainReloadingComplete (62ms)
	LoadAllAssembliesAndSetupDomain (176ms)
		LoadAssemblies (148ms)
		RebuildTransferFunctionScriptingTraits (0ms)
		AnalyzeDomain (173ms)
			TypeCache.Refresh (171ms)
				TypeCache.ScanAssembly (156ms)
			BuildScriptInfoCaches (0ms)
			ResolveRequiredComponents (0ms)
	FinalizeReload (326ms)
		ReleaseScriptCaches (0ms)
		RebuildScriptCaches (0ms)
		SetupLoadedEditorAssemblies (280ms)
			LogAssemblyErrors (0ms)
			InitializePlatformSupportModulesInManaged (25ms)
			SetLoadedEditorAssemblies (5ms)
			BeforeProcessingInitializeOnLoad (57ms)
			ProcessInitializeOnLoadAttributes (134ms)
			ProcessInitializeOnLoadMethodAttributes (60ms)
			AfterProcessingInitializeOnLoad (0ms)
			EditorAssembliesLoaded (0ms)
		ExecutionOrderSort2 (0ms)
		AwakeInstancesAfterBackupRestoration (0ms)
========================================================================
Worker process is ready to serve import requests
Import Worker Mode flag is 0x00
Begin MonoManager ReloadAssembly
Symbol file LoadedFromMemory is not a mono symbol file
- Loaded All Assemblies, in  0.922 seconds
Refreshing native plugins compatible for Editor in 6.66 ms, found 3 plugins.
Native extension for WindowsStandalone target not found
Native extension for WebGL target not found
Refreshing native plugins compatible for Editor in 6.96 ms, found 3 plugins.
Mono: successfully reloaded assembly
- Finished resetting the current domain, in  0.734 seconds
Domain Reload Profiling: 1647ms
	BeginReloadAssembly (193ms)
		ExecutionOrderSort (0ms)
		DisableScriptedObjects (6ms)
		BackupInstance (0ms)
		ReleaseScriptingObjects (0ms)
		CreateAndSetChildDomain (33ms)
	RebuildCommonClasses (39ms)
	RebuildNativeTypeToScriptingClass (14ms)
	initialDomainReloadingComplete (47ms)
	LoadAllAssembliesAndSetupDomain (619ms)
		LoadAssemblies (487ms)
		RebuildTransferFunctionScriptingTraits (0ms)
		AnalyzeDomain (247ms)
			TypeCache.Refresh (192ms)
				TypeCache.ScanAssembly (168ms)
			BuildScriptInfoCaches (46ms)
			ResolveRequiredComponents (5ms)
	FinalizeReload (735ms)
		ReleaseScriptCaches (0ms)
		RebuildScriptCaches (0ms)
		SetupLoadedEditorAssemblies (610ms)
			LogAssemblyErrors (0ms)
			InitializePlatformSupportModulesInManaged (3ms)
			SetLoadedEditorAssemblies (5ms)
			BeforeProcessingInitializeOnLoad (109ms)
			ProcessInitializeOnLoadAttributes (327ms)
			ProcessInitializeOnLoadMethodAttributes (155ms)
			AfterProcessingInitializeOnLoad (11ms)
			EditorAssembliesLoaded (0ms)
		ExecutionOrderSort2 (0ms)
		AwakeInstancesAfterBackupRestoration (8ms)
Launched and connected shader compiler UnityShaderCompiler.exe after 0.03 seconds
Refreshing native plugins compatible for Editor in 3.46 ms, found 3 plugins.
Preloading 0 native plugins for Editor in 0.00 ms.
Unloading 8 Unused Serialized files (Serialized files now loaded: 0)
Unloading 4668 unused Assets / (0.8 MB). Loaded Objects now: 5124.
Memory consumption went from 90.0 MB to 89.1 MB.
Total: 6.651100 ms (FindLiveObjects: 0.295600 ms CreateObjectMapping: 0.160300 ms MarkObjects: 5.378600 ms  DeleteObjects: 0.816000 ms)

========================================================================
Received Import Request.
  Time since last request: 6588.914000 seconds.
  path: Assets/_ChompMan-PM/Textures/Characters/Chomp_AO.png
  artifactKey: Guid(4dc6a3f9e021db24dbf3aef575aeb501) Importer(815301076,1909f56bfc062723c751e8b465ee728b)
Start importing Assets/_ChompMan-PM/Textures/Characters/Chomp_AO.png using Guid(4dc6a3f9e021db24dbf3aef575aeb501) Importer(815301076,1909f56bfc062723c751e8b465ee728b) (PreviewImporter) -> (artifact id: 'a2baf3fabd65e2ec4cdc288c755c8859') in 0.1149401 seconds
Number of updated asset objects reloaded before import = 0Number of asset objects unloaded after import = 2

========================================================================
Received Import Request.
  Time since last request: 151.148283 seconds.
  path: Assets/_ChompMan-PM/Textures/Characters/Materials
  artifactKey: Guid(011e7f76776963e468148f8c20e5ef47) Importer(815301076,1909f56bfc062723c751e8b465ee728b)
Start importing Assets/_ChompMan-PM/Textures/Characters/Materials using Guid(011e7f76776963e468148f8c20e5ef47) Importer(815301076,1909f56bfc062723c751e8b465ee728b) (PreviewImporter) -> (artifact id: '72b7aa5dbbf7f76aee2a1eb9f3341367') in 0.0006175 seconds
Number of updated asset objects reloaded before import = 0Number of asset objects unloaded after import = 0

========================================================================
Received Import Request.
  Time since last request: 0.021289 seconds.
  path: Assets/_ChompMan-PM/Textures/Characters/Materials/Chomp_AlbedoTransparency.mat
  artifactKey: Guid(a281e70ab8776f84a8706e02f5ac0db6) Importer(815301076,1909f56bfc062723c751e8b465ee728b)
Start importing Assets/_ChompMan-PM/Textures/Characters/Materials/Chomp_AlbedoTransparency.mat using Guid(a281e70ab8776f84a8706e02f5ac0db6) Importer(815301076,1909f56bfc062723c751e8b465ee728b) (PreviewImporter) -> (artifact id: 'a7341c575125682475c59d017c630eec') in 0.0716002 seconds
Number of updated asset objects reloaded before import = 0Number of asset objects unloaded after import = 2

========================================================================
Received Import Request.
  Time since last request: 32.774804 seconds.
  path: Assets/_ChompMan-PM/Textures/HDR
  artifactKey: Guid(740f3c236fc618b40af6630f970fd417) Importer(815301076,1909f56bfc062723c751e8b465ee728b)
Start importing Assets/_ChompMan-PM/Textures/HDR using Guid(740f3c236fc618b40af6630f970fd417) Importer(815301076,1909f56bfc062723c751e8b465ee728b) (PreviewImporter) -> (artifact id: '0fce3d63f251ec123799fd7a0bb9ac03') in 0.0005955 seconds
Number of updated asset objects reloaded before import = 0Number of asset objects unloaded after import = 0

========================================================================
Received Import Request.
  Time since last request: 0.056479 seconds.
  path: Assets/_ChompMan-PM/Textures/HDR/HDRI_Training_Stage.hdr
  artifactKey: Guid(abe7460e482fb0646bf8b8a376c26163) Importer(815301076,1909f56bfc062723c751e8b465ee728b)
Start importing Assets/_ChompMan-PM/Textures/HDR/HDRI_Training_Stage.hdr using Guid(abe7460e482fb0646bf8b8a376c26163) Importer(815301076,1909f56bfc062723c751e8b465ee728b) (PreviewImporter) -> (artifact id: 'e5c53dd1cf5f979e75ffbbef8c7196f5') in 0.1482319 seconds
Number of updated asset objects reloaded before import = 0Number of asset objects unloaded after import = 1

========================================================================
Received Import Request.
  Time since last request: 2.512839 seconds.
  path: Assets/_ChompMan-PM/Textures/LUT
  artifactKey: Guid(e2cd829f31eb5f64b8bea848adaa6217) Importer(815301076,1909f56bfc062723c751e8b465ee728b)
Start importing Assets/_ChompMan-PM/Textures/LUT using Guid(e2cd829f31eb5f64b8bea848adaa6217) Importer(815301076,1909f56bfc062723c751e8b465ee728b) (PreviewImporter) -> (artifact id: 'eb371a52c2ac735cc02cd8440a9bd711') in 0.000679 seconds
Number of updated asset objects reloaded before import = 0Number of asset objects unloaded after import = 0

========================================================================
Received Import Request.
  Time since last request: 0.022305 seconds.
  path: Assets/_ChompMan-PM/Textures/LUT/_LUTs_SDF_BarrelStage.png
  artifactKey: Guid(c43137970e9ab084d850a83809f9df0e) Importer(815301076,1909f56bfc062723c751e8b465ee728b)
Start importing Assets/_ChompMan-PM/Textures/LUT/_LUTs_SDF_BarrelStage.png using Guid(c43137970e9ab084d850a83809f9df0e) Importer(815301076,1909f56bfc062723c751e8b465ee728b) (PreviewImporter) -> (artifact id: '3025d0d1b5c70dae219241871e225528') in 0.0085354 seconds
Number of updated asset objects reloaded before import = 0Number of asset objects unloaded after import = 2

========================================================================
Received Import Request.
  Time since last request: 0.000015 seconds.
  path: Assets/_ChompMan-PM/Textures/LUT/LUTs_SDF_MoonNight.png
  artifactKey: Guid(2973dda532025954f98ab6af4d997b73) Importer(815301076,1909f56bfc062723c751e8b465ee728b)
Start importing Assets/_ChompMan-PM/Textures/LUT/LUTs_SDF_MoonNight.png using Guid(2973dda532025954f98ab6af4d997b73) Importer(815301076,1909f56bfc062723c751e8b465ee728b) (PreviewImporter) -> (artifact id: '3dbd5749688ef026f16f920c090a9c12') in 0.0054577 seconds
Number of updated asset objects reloaded before import = 0Number of asset objects unloaded after import = 2

========================================================================
Received Import Request.
  Time since last request: 0.000014 seconds.
  path: Assets/_ChompMan-PM/Textures/LUT/LUTs_SDF_Film.png
  artifactKey: Guid(0ecc3c377b0657a47b2b3114c9bc7521) Importer(815301076,1909f56bfc062723c751e8b465ee728b)
Start importing Assets/_ChompMan-PM/Textures/LUT/LUTs_SDF_Film.png using Guid(0ecc3c377b0657a47b2b3114c9bc7521) Importer(815301076,1909f56bfc062723c751e8b465ee728b) (PreviewImporter) -> (artifact id: '628866f1fc9ad671c6a5f7cac2bea48b') in 0.0045504 seconds
Number of updated asset objects reloaded before import = 0Number of asset objects unloaded after import = 2

========================================================================
Received Import Request.
  Time since last request: 1.569312 seconds.
  path: Assets/_ChompMan-PM/Textures/Props
  artifactKey: Guid(03c1ff88e2a15c947b688a1839edaf6f) Importer(815301076,1909f56bfc062723c751e8b465ee728b)
Start importing Assets/_ChompMan-PM/Textures/Props using Guid(03c1ff88e2a15c947b688a1839edaf6f) Importer(815301076,1909f56bfc062723c751e8b465ee728b) (PreviewImporter) -> (artifact id: 'c09946a666f982f9ebeef0a7b5b8379d') in 0.0006785 seconds
Number of updated asset objects reloaded before import = 0Number of asset objects unloaded after import = 0

========================================================================
Received Import Request.
  Time since last request: 0.045637 seconds.
  path: Assets/_ChompMan-PM/Textures/Props/Cherry_AlbedoTransparency.png
  artifactKey: Guid(aa5b8b1c5d8ab8a4f91a0425f431ee4d) Importer(815301076,1909f56bfc062723c751e8b465ee728b)
Start importing Assets/_ChompMan-PM/Textures/Props/Cherry_AlbedoTransparency.png using Guid(aa5b8b1c5d8ab8a4f91a0425f431ee4d) Importer(815301076,1909f56bfc062723c751e8b465ee728b) (PreviewImporter) -> (artifact id: '13888242413e89623c7f5470c1b7a0e2') in 0.0077975 seconds
Number of updated asset objects reloaded before import = 0Number of asset objects unloaded after import = 2

========================================================================
Received Import Request.
  Time since last request: 0.000020 seconds.
  path: Assets/_ChompMan-PM/Textures/Props/Cherry_MetallicSmoothness.png
  artifactKey: Guid(12d90fa9a4fb6754f824c62bc83aea15) Importer(815301076,1909f56bfc062723c751e8b465ee728b)
Start importing Assets/_ChompMan-PM/Textures/Props/Cherry_MetallicSmoothness.png using Guid(12d90fa9a4fb6754f824c62bc83aea15) Importer(815301076,1909f56bfc062723c751e8b465ee728b) (PreviewImporter) -> (artifact id: '8b083b418765ea16094dd5a289cd77fd') in 0.0094325 seconds
Number of updated asset objects reloaded before import = 0Number of asset objects unloaded after import = 2

========================================================================
Received Import Request.
  Time since last request: 0.000016 seconds.
  path: Assets/_ChompMan-PM/Textures/Props/Cherry_Normal.png
  artifactKey: Guid(4861d55769e20844cadf235186a49b15) Importer(815301076,1909f56bfc062723c751e8b465ee728b)
Start importing Assets/_ChompMan-PM/Textures/Props/Cherry_Normal.png using Guid(4861d55769e20844cadf235186a49b15) Importer(815301076,1909f56bfc062723c751e8b465ee728b) (PreviewImporter) -> (artifact id: '5d4f9dfb9eb70a9e596505656c064897') in 0.0151053 seconds
Number of updated asset objects reloaded before import = 0Number of asset objects unloaded after import = 2

========================================================================
Received Import Request.
  Time since last request: 0.000017 seconds.
  path: Assets/_ChompMan-PM/Textures/Props/PowerPellet_MetallicSmoothness.png
  artifactKey: Guid(a798e730edf5e05418053f81de34a212) Importer(815301076,1909f56bfc062723c751e8b465ee728b)
Start importing Assets/_ChompMan-PM/Textures/Props/PowerPellet_MetallicSmoothness.png using Guid(a798e730edf5e05418053f81de34a212) Importer(815301076,1909f56bfc062723c751e8b465ee728b) (PreviewImporter) -> (artifact id: '60bcc60aa3133b7ace87cc6ddca0b975') in 0.0070655 seconds
Number of updated asset objects reloaded before import = 0Number of asset objects unloaded after import = 2

========================================================================
Received Import Request.
  Time since last request: 0.000016 seconds.
  path: Assets/_ChompMan-PM/Textures/Props/PowerPellet_Normal.png
  artifactKey: Guid(710699eb0e6be3543ae3affcc14dea4a) Importer(815301076,1909f56bfc062723c751e8b465ee728b)
Start importing Assets/_ChompMan-PM/Textures/Props/PowerPellet_Normal.png using Guid(710699eb0e6be3543ae3affcc14dea4a) Importer(815301076,1909f56bfc062723c751e8b465ee728b) (PreviewImporter) -> (artifact id: 'cd3e9838d2a8e0217e6c00621a9ffc9d') in 0.0057096 seconds
Number of updated asset objects reloaded before import = 0Number of asset objects unloaded after import = 2

========================================================================
Received Import Request.
  Time since last request: 0.000017 seconds.
  path: Assets/_ChompMan-PM/Textures/Props/PP_Rotating_MetallicSmoothness.png
  artifactKey: Guid(b758732dfa8fd9b4b8c0c890b9da4a8d) Importer(815301076,1909f56bfc062723c751e8b465ee728b)
Start importing Assets/_ChompMan-PM/Textures/Props/PP_Rotating_MetallicSmoothness.png using Guid(b758732dfa8fd9b4b8c0c890b9da4a8d) Importer(815301076,1909f56bfc062723c751e8b465ee728b) (PreviewImporter) -> (artifact id: 'cab2fb04677403d1f0efa72cd940775a') in 0.0046943 seconds
Number of updated asset objects reloaded before import = 0Number of asset objects unloaded after import = 2

========================================================================
Received Import Request.
  Time since last request: 0.000014 seconds.
  path: Assets/_ChompMan-PM/Textures/Props/PP_Rotating_AO.png
  artifactKey: Guid(d6ad0c46e83ae1946ac67d310e0621f3) Importer(815301076,1909f56bfc062723c751e8b465ee728b)
Start importing Assets/_ChompMan-PM/Textures/Props/PP_Rotating_AO.png using Guid(d6ad0c46e83ae1946ac67d310e0621f3) Importer(815301076,1909f56bfc062723c751e8b465ee728b) (PreviewImporter) -> (artifact id: '9dc26adb600223292a5c71e3a3d0ec7c') in 0.0052126 seconds
Number of updated asset objects reloaded before import = 0Number of asset objects unloaded after import = 2

========================================================================
Received Import Request.
  Time since last request: 2.993377 seconds.
  path: Assets/_ChompMan-PM/Textures/UI
  artifactKey: Guid(9121a289504cb6f47ac51b0fd18690dd) Importer(815301076,1909f56bfc062723c751e8b465ee728b)
Start importing Assets/_ChompMan-PM/Textures/UI using Guid(9121a289504cb6f47ac51b0fd18690dd) Importer(815301076,1909f56bfc062723c751e8b465ee728b) (PreviewImporter) -> (artifact id: '7dfe22231cef41d3431906eea546c21a') in 0.0006821 seconds
Number of updated asset objects reloaded before import = 0Number of asset objects unloaded after import = 0

========================================================================
Received Import Request.
  Time since last request: 0.780965 seconds.
  path: Assets/_ChompMan-PM/Textures/UI/ChompMan_TitleScree_SpriteSheet_B&W.png
  artifactKey: Guid(4ef429d4950116c47b7efa29a3d55ce0) Importer(815301076,1909f56bfc062723c751e8b465ee728b)
Start importing Assets/_ChompMan-PM/Textures/UI/ChompMan_TitleScree_SpriteSheet_B&W.png using Guid(4ef429d4950116c47b7efa29a3d55ce0) Importer(815301076,1909f56bfc062723c751e8b465ee728b) (PreviewImporter) -> (artifact id: 'a67e3debb3f666dc0c100ea7c6bfa36b') in 0.011046 seconds
Number of updated asset objects reloaded before import = 0Number of asset objects unloaded after import = 2

========================================================================
Received Import Request.
  Time since last request: 0.000024 seconds.
  path: Assets/_ChompMan-PM/Textures/UI/Vinyet.png
  artifactKey: Guid(c492d607ab744b748aab906d7b912bb3) Importer(815301076,1909f56bfc062723c751e8b465ee728b)
Start importing Assets/_ChompMan-PM/Textures/UI/Vinyet.png using Guid(c492d607ab744b748aab906d7b912bb3) Importer(815301076,1909f56bfc062723c751e8b465ee728b) (PreviewImporter) -> (artifact id: '60c7f8de016e10e1dd26c56ff1996ac2') in 0.0174433 seconds
Number of updated asset objects reloaded before import = 0Number of asset objects unloaded after import = 2

========================================================================
Received Import Request.
  Time since last request: 16.157693 seconds.
  path: Assets/_ChompMan-PM/Textures/UI/Materials/ChompMan_TitleScreenBackground_Blured.mat
  artifactKey: Guid(4475af9f658b241498fd19b43774ad3d) Importer(815301076,1909f56bfc062723c751e8b465ee728b)
Start importing Assets/_ChompMan-PM/Textures/UI/Materials/ChompMan_TitleScreenBackground_Blured.mat using Guid(4475af9f658b241498fd19b43774ad3d) Importer(815301076,1909f56bfc062723c751e8b465ee728b) (PreviewImporter) -> (artifact id: 'bbff050dba133766d13d1786dec68b83') in 0.0992371 seconds
Number of updated asset objects reloaded before import = 0Number of asset objects unloaded after import = 2

Editor requested this worker to shutdown with reason: Scaling down because of idle timeout
AssetImportWorker is now disconnected from the server
Process exiting
Exiting without the bug reporter. Application will terminate with return code 0